2023-12-29 19:03:24,878 INFO o.a.j.u.JMeterUtils: Setting Locale to en_EN
2023-12-29 19:03:24,924 INFO o.a.j.JMeter: Loading user properties from: /home/luffy-55/Documents/mei1/ASCN/apache-jmeter-5.6.2/bin/user.properties
2023-12-29 19:03:24,924 INFO o.a.j.JMeter: Loading system properties from: /home/luffy-55/Documents/mei1/ASCN/apache-jmeter-5.6.2/bin/system.properties
2023-12-29 19:03:24,943 INFO o.a.j.JMeter: Copyright (c) 1998-2023 The Apache Software Foundation
2023-12-29 19:03:24,946 INFO o.a.j.JMeter: Version 5.6.2
2023-12-29 19:03:24,946 INFO o.a.j.JMeter: java.version=17.0.7
2023-12-29 19:03:24,946 INFO o.a.j.JMeter: java.vm.name=OpenJDK 64-Bit Server VM
2023-12-29 19:03:24,946 INFO o.a.j.JMeter: os.name=Linux
2023-12-29 19:03:24,947 INFO o.a.j.JMeter: os.arch=amd64
2023-12-29 19:03:24,947 INFO o.a.j.JMeter: os.version=6.3.8-100.fc37.x86_64
2023-12-29 19:03:24,947 INFO o.a.j.JMeter: file.encoding=UTF-8
2023-12-29 19:03:24,949 INFO o.a.j.JMeter: java.awt.headless=true
2023-12-29 19:03:24,950 INFO o.a.j.JMeter: Max memory     =1073741824
2023-12-29 19:03:24,950 INFO o.a.j.JMeter: Available Processors =8
2023-12-29 19:03:24,984 INFO o.a.j.JMeter: Default Locale=English (EN)
2023-12-29 19:03:24,985 INFO o.a.j.JMeter: JMeter  Locale=English (EN)
2023-12-29 19:03:24,986 INFO o.a.j.JMeter: JMeterHome=/home/luffy-55/Documents/mei1/ASCN/apache-jmeter-5.6.2
2023-12-29 19:03:24,987 INFO o.a.j.JMeter: user.dir  =/home/luffy-55/Documents/mei1/ASCN/GrupoTP-12
2023-12-29 19:03:24,988 INFO o.a.j.JMeter: PWD       =/home/luffy-55/Documents/mei1/ASCN/GrupoTP-12
2023-12-29 19:03:24,989 INFO o.a.j.JMeter: IP: 192.168.2.150 Name: fedora36 FullName: fedora36
2023-12-29 19:03:25,018 INFO o.a.j.s.FileServer: Default base='/home/luffy-55/Documents/mei1/ASCN/GrupoTP-12'
2023-12-29 19:03:25,021 INFO o.a.j.s.FileServer: Set new base='/home/luffy-55/Documents/mei1/ASCN/GrupoTP-12/jmeter'
2023-12-29 19:03:25,299 INFO o.a.j.s.SaveService: Testplan (JMX) version: 2.2. Testlog (JTL) version: 2.2
2023-12-29 19:03:25,354 INFO o.a.j.s.SaveService: Using SaveService properties version 5.0
2023-12-29 19:03:25,370 INFO o.a.j.s.SaveService: Using SaveService properties file encoding UTF-8
2023-12-29 19:03:25,383 INFO o.a.j.s.SaveService: Loading file: jmeter/jmeter.jmx
2023-12-29 19:03:25,467 INFO o.a.j.p.h.s.HTTPSamplerBase: Parser for text/html is org.apache.jmeter.protocol.http.parser.LagartoBasedHtmlParser
2023-12-29 19:03:25,467 INFO o.a.j.p.h.s.HTTPSamplerBase: Parser for application/xhtml+xml is org.apache.jmeter.protocol.http.parser.LagartoBasedHtmlParser
2023-12-29 19:03:25,467 INFO o.a.j.p.h.s.HTTPSamplerBase: Parser for application/xml is org.apache.jmeter.protocol.http.parser.LagartoBasedHtmlParser
2023-12-29 19:03:25,467 INFO o.a.j.p.h.s.HTTPSamplerBase: Parser for text/xml is org.apache.jmeter.protocol.http.parser.LagartoBasedHtmlParser
2023-12-29 19:03:25,467 INFO o.a.j.p.h.s.HTTPSamplerBase: Parser for text/vnd.wap.wml is org.apache.jmeter.protocol.http.parser.RegexpHTMLParser
2023-12-29 19:03:25,467 INFO o.a.j.p.h.s.HTTPSamplerBase: Parser for text/css is org.apache.jmeter.protocol.http.parser.CssParser
2023-12-29 19:03:25,502 INFO o.a.j.JMeter: Creating summariser <summary>
2023-12-29 19:03:25,516 INFO o.a.j.e.StandardJMeterEngine: Running the test!
2023-12-29 19:03:25,517 INFO o.a.j.s.SampleEvent: List of sample_variables: []
2023-12-29 19:03:25,517 INFO o.a.j.s.SampleEvent: List of sample_variables: []
2023-12-29 19:03:25,522 INFO o.a.j.e.u.CompoundVariable: Note: Function class names must contain the string: '.functions.'
2023-12-29 19:03:25,522 INFO o.a.j.e.u.CompoundVariable: Note: Function class names must not contain the string: '.gui.'
2023-12-29 19:03:25,586 INFO o.a.j.JMeter: Running test (1703876605586)
2023-12-29 19:03:25,602 INFO o.a.j.e.StandardJMeterEngine: Starting ThreadGroup: 1 : Thread Group
2023-12-29 19:03:25,602 INFO o.a.j.e.StandardJMeterEngine: Starting 100 threads for group Thread Group.
2023-12-29 19:03:25,602 INFO o.a.j.e.StandardJMeterEngine: Thread will continue on error
2023-12-29 19:03:25,603 INFO o.a.j.t.ThreadGroup: Starting thread group... number=1 threads=100 ramp-up=60 delayedStart=false
2023-12-29 19:03:25,611 INFO o.a.j.t.JMeterThread: Thread started: Thread Group 1-1
2023-12-29 19:03:25,652 INFO o.a.j.t.ThreadGroup: Started thread group number 1
2023-12-29 19:03:25,652 INFO o.a.j.e.StandardJMeterEngine: All thread groups have been started
2023-12-29 19:03:25,980 INFO o.a.j.p.h.s.HTTPHCAbstractImpl: Local host = fedora36
2023-12-29 19:03:25,997 INFO o.a.j.p.h.s.HTTPHC4Impl: HTTP request retry count = 0
2023-12-29 19:03:26,000 INFO o.a.j.s.SampleResult: Note: Sample TimeStamps are START times
2023-12-29 19:03:26,001 INFO o.a.j.s.SampleResult: sampleresult.default.encoding is set to UTF-8
2023-12-29 19:03:26,001 INFO o.a.j.s.SampleResult: sampleresult.useNanoTime=true
2023-12-29 19:03:26,001 INFO o.a.j.s.SampleResult: sampleresult.nanoThreadSleep=5000
2023-12-29 19:03:26,208 INFO o.a.j.t.JMeterThread: Thread started: Thread Group 1-2
2023-12-29 19:03:26,807 INFO o.a.j.t.JMeterThread: Thread started: Thread Group 1-3
2023-12-29 19:03:27,406 INFO o.a.j.t.JMeterThread: Thread started: Thread Group 1-4
2023-12-29 19:03:28,005 INFO o.a.j.t.JMeterThread: Thread started: Thread Group 1-5
2023-12-29 19:03:28,604 INFO o.a.j.t.JMeterThread: Thread started: Thread Group 1-6
2023-12-29 19:03:29,205 INFO o.a.j.t.JMeterThread: Thread started: Thread Group 1-7
2023-12-29 19:03:29,804 INFO o.a.j.t.JMeterThread: Thread started: Thread Group 1-8
2023-12-29 19:03:30,271 INFO o.a.j.r.Summariser: summary +      7 in 00:00:05 =    1.5/s Avg:  1416 Min:  1086 Max:  1927 Err:     0 (0.00%) Active: 8 Started: 8 Finished: 0
2023-12-29 19:03:30,405 INFO o.a.j.t.JMeterThread: Thread started: Thread Group 1-9
2023-12-29 19:03:31,003 INFO o.a.j.t.JMeterThread: Thread started: Thread Group 1-10
2023-12-29 19:03:31,604 INFO o.a.j.t.JMeterThread: Thread started: Thread Group 1-11
2023-12-29 19:03:32,204 INFO o.a.j.t.JMeterThread: Thread started: Thread Group 1-12
2023-12-29 19:03:32,804 INFO o.a.j.t.JMeterThread: Thread started: Thread Group 1-13
2023-12-29 19:03:33,407 INFO o.a.j.t.JMeterThread: Thread started: Thread Group 1-14
2023-12-29 19:03:34,004 INFO o.a.j.t.JMeterThread: Thread started: Thread Group 1-15
2023-12-29 19:03:34,604 INFO o.a.j.t.JMeterThread: Thread started: Thread Group 1-16
2023-12-29 19:03:35,204 INFO o.a.j.t.JMeterThread: Thread started: Thread Group 1-17
2023-12-29 19:03:35,804 INFO o.a.j.t.JMeterThread: Thread started: Thread Group 1-18
2023-12-29 19:03:36,405 INFO o.a.j.t.JMeterThread: Thread started: Thread Group 1-19
2023-12-29 19:03:37,004 INFO o.a.j.t.JMeterThread: Thread started: Thread Group 1-20
2023-12-29 19:03:37,605 INFO o.a.j.t.JMeterThread: Thread started: Thread Group 1-21
2023-12-29 19:03:38,204 INFO o.a.j.t.JMeterThread: Thread started: Thread Group 1-22
2023-12-29 19:03:38,804 INFO o.a.j.t.JMeterThread: Thread started: Thread Group 1-23
2023-12-29 19:03:39,404 INFO o.a.j.t.JMeterThread: Thread started: Thread Group 1-24
2023-12-29 19:03:40,005 INFO o.a.j.t.JMeterThread: Thread started: Thread Group 1-25
2023-12-29 19:03:40,603 INFO o.a.j.t.JMeterThread: Thread started: Thread Group 1-26
2023-12-29 19:03:41,204 INFO o.a.j.t.JMeterThread: Thread started: Thread Group 1-27
2023-12-29 19:03:41,804 INFO o.a.j.t.JMeterThread: Thread started: Thread Group 1-28
2023-12-29 19:03:42,404 INFO o.a.j.t.JMeterThread: Thread started: Thread Group 1-29
2023-12-29 19:03:43,004 INFO o.a.j.t.JMeterThread: Thread started: Thread Group 1-30
2023-12-29 19:03:43,605 INFO o.a.j.t.JMeterThread: Thread started: Thread Group 1-31
2023-12-29 19:03:44,204 INFO o.a.j.t.JMeterThread: Thread started: Thread Group 1-32
2023-12-29 19:03:44,803 INFO o.a.j.t.JMeterThread: Thread started: Thread Group 1-33
2023-12-29 19:03:45,404 INFO o.a.j.t.JMeterThread: Thread started: Thread Group 1-34
2023-12-29 19:03:46,004 INFO o.a.j.t.JMeterThread: Thread started: Thread Group 1-35
2023-12-29 19:03:46,605 INFO o.a.j.t.JMeterThread: Thread started: Thread Group 1-36
2023-12-29 19:03:47,203 INFO o.a.j.t.JMeterThread: Thread started: Thread Group 1-37
2023-12-29 19:03:47,804 INFO o.a.j.t.JMeterThread: Thread started: Thread Group 1-38
2023-12-29 19:03:48,403 INFO o.a.j.t.JMeterThread: Thread started: Thread Group 1-39
2023-12-29 19:03:49,004 INFO o.a.j.t.JMeterThread: Thread started: Thread Group 1-40
2023-12-29 19:03:49,603 INFO o.a.j.t.JMeterThread: Thread started: Thread Group 1-41
2023-12-29 19:03:50,204 INFO o.a.j.t.JMeterThread: Thread started: Thread Group 1-42
2023-12-29 19:03:50,803 INFO o.a.j.t.JMeterThread: Thread started: Thread Group 1-43
2023-12-29 19:03:51,404 INFO o.a.j.t.JMeterThread: Thread started: Thread Group 1-44
2023-12-29 19:03:52,004 INFO o.a.j.t.JMeterThread: Thread started: Thread Group 1-45
2023-12-29 19:03:52,604 INFO o.a.j.t.JMeterThread: Thread started: Thread Group 1-46
2023-12-29 19:03:53,203 INFO o.a.j.t.JMeterThread: Thread started: Thread Group 1-47
2023-12-29 19:03:53,804 INFO o.a.j.t.JMeterThread: Thread started: Thread Group 1-48
2023-12-29 19:03:54,404 INFO o.a.j.t.JMeterThread: Thread started: Thread Group 1-49
2023-12-29 19:03:55,003 INFO o.a.j.t.JMeterThread: Thread started: Thread Group 1-50
2023-12-29 19:03:55,604 INFO o.a.j.t.JMeterThread: Thread started: Thread Group 1-51
2023-12-29 19:03:56,204 INFO o.a.j.t.JMeterThread: Thread started: Thread Group 1-52
2023-12-29 19:03:56,804 INFO o.a.j.t.JMeterThread: Thread started: Thread Group 1-53
2023-12-29 19:03:57,404 INFO o.a.j.t.JMeterThread: Thread started: Thread Group 1-54
2023-12-29 19:03:58,004 INFO o.a.j.t.JMeterThread: Thread started: Thread Group 1-55
2023-12-29 19:03:58,603 INFO o.a.j.t.JMeterThread: Thread started: Thread Group 1-56
2023-12-29 19:03:59,204 INFO o.a.j.t.JMeterThread: Thread started: Thread Group 1-57
2023-12-29 19:03:59,804 INFO o.a.j.t.JMeterThread: Thread started: Thread Group 1-58
2023-12-29 19:04:00,208 INFO o.a.j.r.Summariser: summary +     61 in 00:00:30 =    2.0/s Avg:  8749 Min:  2023 Max: 15327 Err:     0 (0.00%) Active: 58 Started: 58 Finished: 0
2023-12-29 19:04:00,209 INFO o.a.j.r.Summariser: summary =     68 in 00:00:35 =    2.0/s Avg:  7994 Min:  1086 Max: 15327 Err:     0 (0.00%)
2023-12-29 19:04:00,403 INFO o.a.j.t.JMeterThread: Thread started: Thread Group 1-59
2023-12-29 19:04:01,005 INFO o.a.j.t.JMeterThread: Thread started: Thread Group 1-60
2023-12-29 19:04:01,605 INFO o.a.j.t.JMeterThread: Thread started: Thread Group 1-61
2023-12-29 19:04:02,204 INFO o.a.j.t.JMeterThread: Thread started: Thread Group 1-62
2023-12-29 19:04:02,804 INFO o.a.j.t.JMeterThread: Thread started: Thread Group 1-63
2023-12-29 19:04:03,405 INFO o.a.j.t.JMeterThread: Thread started: Thread Group 1-64
2023-12-29 19:04:04,003 INFO o.a.j.t.JMeterThread: Thread started: Thread Group 1-65
2023-12-29 19:04:04,604 INFO o.a.j.t.JMeterThread: Thread started: Thread Group 1-66
2023-12-29 19:04:05,204 INFO o.a.j.t.JMeterThread: Thread started: Thread Group 1-67
2023-12-29 19:04:05,804 INFO o.a.j.t.JMeterThread: Thread started: Thread Group 1-68
2023-12-29 19:04:06,403 INFO o.a.j.t.JMeterThread: Thread started: Thread Group 1-69
2023-12-29 19:04:07,004 INFO o.a.j.t.JMeterThread: Thread started: Thread Group 1-70
2023-12-29 19:04:07,604 INFO o.a.j.t.JMeterThread: Thread started: Thread Group 1-71
2023-12-29 19:04:08,203 INFO o.a.j.t.JMeterThread: Thread started: Thread Group 1-72
2023-12-29 19:04:08,803 INFO o.a.j.t.JMeterThread: Thread started: Thread Group 1-73
2023-12-29 19:04:09,405 INFO o.a.j.t.JMeterThread: Thread started: Thread Group 1-74
2023-12-29 19:04:10,003 INFO o.a.j.t.JMeterThread: Thread started: Thread Group 1-75
2023-12-29 19:04:10,603 INFO o.a.j.t.JMeterThread: Thread started: Thread Group 1-76
2023-12-29 19:04:11,204 INFO o.a.j.t.JMeterThread: Thread started: Thread Group 1-77
2023-12-29 19:04:11,804 INFO o.a.j.t.JMeterThread: Thread started: Thread Group 1-78
2023-12-29 19:04:12,404 INFO o.a.j.t.JMeterThread: Thread started: Thread Group 1-79
2023-12-29 19:04:13,004 INFO o.a.j.t.JMeterThread: Thread started: Thread Group 1-80
2023-12-29 19:04:13,603 INFO o.a.j.t.JMeterThread: Thread started: Thread Group 1-81
2023-12-29 19:04:14,204 INFO o.a.j.t.JMeterThread: Thread started: Thread Group 1-82
2023-12-29 19:04:14,804 INFO o.a.j.t.JMeterThread: Thread started: Thread Group 1-83
2023-12-29 19:04:15,404 INFO o.a.j.t.JMeterThread: Thread started: Thread Group 1-84
2023-12-29 19:04:16,005 INFO o.a.j.t.JMeterThread: Thread started: Thread Group 1-85
2023-12-29 19:04:16,604 INFO o.a.j.t.JMeterThread: Thread started: Thread Group 1-86
2023-12-29 19:04:17,205 INFO o.a.j.t.JMeterThread: Thread started: Thread Group 1-87
2023-12-29 19:04:17,804 INFO o.a.j.t.JMeterThread: Thread started: Thread Group 1-88
2023-12-29 19:04:18,404 INFO o.a.j.t.JMeterThread: Thread started: Thread Group 1-89
2023-12-29 19:04:19,004 INFO o.a.j.t.JMeterThread: Thread started: Thread Group 1-90
2023-12-29 19:04:19,604 INFO o.a.j.t.JMeterThread: Thread started: Thread Group 1-91
2023-12-29 19:04:20,205 INFO o.a.j.t.JMeterThread: Thread started: Thread Group 1-92
2023-12-29 19:04:20,804 INFO o.a.j.t.JMeterThread: Thread started: Thread Group 1-93
2023-12-29 19:04:21,404 INFO o.a.j.t.JMeterThread: Thread started: Thread Group 1-94
2023-12-29 19:04:22,004 INFO o.a.j.t.JMeterThread: Thread started: Thread Group 1-95
2023-12-29 19:04:22,604 INFO o.a.j.t.JMeterThread: Thread started: Thread Group 1-96
2023-12-29 19:04:23,203 INFO o.a.j.t.JMeterThread: Thread started: Thread Group 1-97
2023-12-29 19:04:23,804 INFO o.a.j.t.JMeterThread: Thread started: Thread Group 1-98
2023-12-29 19:04:24,403 INFO o.a.j.t.JMeterThread: Thread started: Thread Group 1-99
2023-12-29 19:04:25,004 INFO o.a.j.t.JMeterThread: Thread started: Thread Group 1-100
2023-12-29 19:04:30,364 INFO o.a.j.r.Summariser: summary +     52 in 00:00:30 =    1.7/s Avg: 21596 Min: 15539 Max: 31424 Err:     0 (0.00%) Active: 100 Started: 100 Finished: 0
2023-12-29 19:04:30,365 INFO o.a.j.r.Summariser: summary =    120 in 00:01:05 =    1.9/s Avg: 13888 Min:  1086 Max: 31424 Err:     0 (0.00%)
2023-12-29 19:05:00,126 INFO o.a.j.r.Summariser: summary +     60 in 00:00:30 =    2.0/s Avg: 38460 Min: 31878 Max: 44986 Err:     0 (0.00%) Active: 100 Started: 100 Finished: 0
2023-12-29 19:05:00,126 INFO o.a.j.r.Summariser: summary =    180 in 00:01:35 =    1.9/s Avg: 22079 Min:  1086 Max: 44986 Err:     0 (0.00%)
2023-12-29 19:05:30,299 INFO o.a.j.r.Summariser: summary +     61 in 00:00:30 =    2.0/s Avg: 49108 Min: 45229 Max: 52987 Err:     0 (0.00%) Active: 100 Started: 100 Finished: 0
2023-12-29 19:05:30,300 INFO o.a.j.r.Summariser: summary =    241 in 00:02:05 =    1.9/s Avg: 28920 Min:  1086 Max: 52987 Err:     0 (0.00%)
2023-12-29 19:06:00,319 INFO o.a.j.r.Summariser: summary +     60 in 00:00:30 =    2.0/s Avg: 49308 Min: 49011 Max: 49636 Err:     0 (0.00%) Active: 100 Started: 100 Finished: 0
2023-12-29 19:06:00,321 INFO o.a.j.r.Summariser: summary =    301 in 00:02:35 =    1.9/s Avg: 32984 Min:  1086 Max: 52987 Err:     0 (0.00%)
2023-12-29 19:06:30,309 INFO o.a.j.r.Summariser: summary +     60 in 00:00:30 =    2.0/s Avg: 49587 Min: 49389 Max: 49776 Err:     0 (0.00%) Active: 100 Started: 100 Finished: 0
2023-12-29 19:06:30,310 INFO o.a.j.r.Summariser: summary =    361 in 00:03:05 =    2.0/s Avg: 35744 Min:  1086 Max: 52987 Err:     0 (0.00%)
2023-12-29 19:07:00,086 INFO o.a.j.r.Summariser: summary +     60 in 00:00:30 =    2.0/s Avg: 49559 Min: 49328 Max: 49824 Err:     0 (0.00%) Active: 100 Started: 100 Finished: 0
2023-12-29 19:07:00,087 INFO o.a.j.r.Summariser: summary =    421 in 00:03:34 =    2.0/s Avg: 37713 Min:  1086 Max: 52987 Err:     0 (0.00%)
2023-12-29 19:07:30,283 INFO o.a.j.r.Summariser: summary +     58 in 00:00:30 =    1.9/s Avg: 49973 Min: 49220 Max: 50626 Err:     0 (0.00%) Active: 100 Started: 100 Finished: 0
2023-12-29 19:07:30,283 INFO o.a.j.r.Summariser: summary =    479 in 00:04:05 =    2.0/s Avg: 39197 Min:  1086 Max: 52987 Err:     0 (0.00%)
2023-12-29 19:08:00,307 INFO o.a.j.r.Summariser: summary +     60 in 00:00:30 =    2.0/s Avg: 50833 Min: 50515 Max: 51385 Err:     0 (0.00%) Active: 100 Started: 100 Finished: 0
2023-12-29 19:08:00,308 INFO o.a.j.r.Summariser: summary =    539 in 00:04:35 =    2.0/s Avg: 40492 Min:  1086 Max: 52987 Err:     0 (0.00%)
2023-12-29 19:08:25,688 INFO o.a.j.t.JMeterThread: Stopping because end time detected by thread: Thread Group 1-87
2023-12-29 19:08:25,688 INFO o.a.j.t.JMeterThread: Thread finished: Thread Group 1-87
2023-12-29 19:08:26,202 INFO o.a.j.t.JMeterThread: Stopping because end time detected by thread: Thread Group 1-48
2023-12-29 19:08:26,203 INFO o.a.j.t.JMeterThread: Thread finished: Thread Group 1-48
2023-12-29 19:08:26,711 INFO o.a.j.t.JMeterThread: Stopping because end time detected by thread: Thread Group 1-88
2023-12-29 19:08:26,712 INFO o.a.j.t.JMeterThread: Thread finished: Thread Group 1-88
2023-12-29 19:08:27,230 INFO o.a.j.t.JMeterThread: Stopping because end time detected by thread: Thread Group 1-15
2023-12-29 19:08:27,230 INFO o.a.j.t.JMeterThread: Thread finished: Thread Group 1-15
2023-12-29 19:08:27,733 INFO o.a.j.t.JMeterThread: Stopping because end time detected by thread: Thread Group 1-89
2023-12-29 19:08:27,734 INFO o.a.j.t.JMeterThread: Thread finished: Thread Group 1-89
2023-12-29 19:08:28,176 INFO o.a.j.t.JMeterThread: Stopping because end time detected by thread: Thread Group 1-49
2023-12-29 19:08:28,176 INFO o.a.j.t.JMeterThread: Thread finished: Thread Group 1-49
2023-12-29 19:08:28,691 INFO o.a.j.t.JMeterThread: Stopping because end time detected by thread: Thread Group 1-5
2023-12-29 19:08:28,692 INFO o.a.j.t.JMeterThread: Thread finished: Thread Group 1-5
2023-12-29 19:08:29,188 INFO o.a.j.t.JMeterThread: Stopping because end time detected by thread: Thread Group 1-90
2023-12-29 19:08:29,189 INFO o.a.j.t.JMeterThread: Thread finished: Thread Group 1-90
2023-12-29 19:08:29,779 INFO o.a.j.t.JMeterThread: Stopping because end time detected by thread: Thread Group 1-50
2023-12-29 19:08:29,780 INFO o.a.j.t.JMeterThread: Thread finished: Thread Group 1-50
2023-12-29 19:08:30,450 INFO o.a.j.r.Summariser: summary +     59 in 00:00:30 =    2.0/s Avg: 50193 Min: 49724 Max: 51233 Err:     0 (0.00%) Active: 91 Started: 100 Finished: 9
2023-12-29 19:08:30,451 INFO o.a.j.r.Summariser: summary =    598 in 00:05:05 =    2.0/s Avg: 41449 Min:  1086 Max: 52987 Err:     0 (0.00%)
2023-12-29 19:08:30,451 INFO o.a.j.t.JMeterThread: Stopping because end time detected by thread: Thread Group 1-91
2023-12-29 19:08:30,451 INFO o.a.j.t.JMeterThread: Thread finished: Thread Group 1-91
2023-12-29 19:08:30,809 INFO o.a.j.t.JMeterThread: Stopping because end time detected by thread: Thread Group 1-28
2023-12-29 19:08:30,810 INFO o.a.j.t.JMeterThread: Thread finished: Thread Group 1-28
2023-12-29 19:08:31,440 INFO o.a.j.t.JMeterThread: Stopping because end time detected by thread: Thread Group 1-92
2023-12-29 19:08:31,440 INFO o.a.j.t.JMeterThread: Thread finished: Thread Group 1-92
2023-12-29 19:08:31,936 INFO o.a.j.t.JMeterThread: Stopping because end time detected by thread: Thread Group 1-51
2023-12-29 19:08:31,937 INFO o.a.j.t.JMeterThread: Thread finished: Thread Group 1-51
2023-12-29 19:08:32,386 INFO o.a.j.t.JMeterThread: Stopping because end time detected by thread: Thread Group 1-93
2023-12-29 19:08:32,386 INFO o.a.j.t.JMeterThread: Thread finished: Thread Group 1-93
2023-12-29 19:08:32,867 INFO o.a.j.t.JMeterThread: Stopping because end time detected by thread: Thread Group 1-16
2023-12-29 19:08:32,867 INFO o.a.j.t.JMeterThread: Thread finished: Thread Group 1-16
2023-12-29 19:08:33,342 INFO o.a.j.t.JMeterThread: Stopping because end time detected by thread: Thread Group 1-94
2023-12-29 19:08:33,343 INFO o.a.j.t.JMeterThread: Thread finished: Thread Group 1-94
2023-12-29 19:08:33,833 INFO o.a.j.t.JMeterThread: Stopping because end time detected by thread: Thread Group 1-52
2023-12-29 19:08:33,834 INFO o.a.j.t.JMeterThread: Thread finished: Thread Group 1-52
2023-12-29 19:08:34,344 INFO o.a.j.t.JMeterThread: Stopping because end time detected by thread: Thread Group 1-29
2023-12-29 19:08:34,344 INFO o.a.j.t.JMeterThread: Thread finished: Thread Group 1-29
2023-12-29 19:08:34,884 INFO o.a.j.t.JMeterThread: Stopping because end time detected by thread: Thread Group 1-95
2023-12-29 19:08:34,885 INFO o.a.j.t.JMeterThread: Thread finished: Thread Group 1-95
2023-12-29 19:08:35,430 INFO o.a.j.t.JMeterThread: Stopping because end time detected by thread: Thread Group 1-9
2023-12-29 19:08:35,430 INFO o.a.j.t.JMeterThread: Thread finished: Thread Group 1-9
2023-12-29 19:08:35,910 INFO o.a.j.t.JMeterThread: Stopping because end time detected by thread: Thread Group 1-96
2023-12-29 19:08:35,910 INFO o.a.j.t.JMeterThread: Thread finished: Thread Group 1-96
2023-12-29 19:08:36,433 INFO o.a.j.t.JMeterThread: Stopping because end time detected by thread: Thread Group 1-53
2023-12-29 19:08:36,433 INFO o.a.j.t.JMeterThread: Thread finished: Thread Group 1-53
2023-12-29 19:08:36,908 INFO o.a.j.t.JMeterThread: Stopping because end time detected by thread: Thread Group 1-97
2023-12-29 19:08:36,908 INFO o.a.j.t.JMeterThread: Thread finished: Thread Group 1-97
2023-12-29 19:08:37,427 INFO o.a.j.t.JMeterThread: Stopping because end time detected by thread: Thread Group 1-30
2023-12-29 19:08:37,427 INFO o.a.j.t.JMeterThread: Thread finished: Thread Group 1-30
2023-12-29 19:08:37,923 INFO o.a.j.t.JMeterThread: Stopping because end time detected by thread: Thread Group 1-98
2023-12-29 19:08:37,924 INFO o.a.j.t.JMeterThread: Thread finished: Thread Group 1-98
2023-12-29 19:08:38,415 INFO o.a.j.t.JMeterThread: Stopping because end time detected by thread: Thread Group 1-54
2023-12-29 19:08:38,415 INFO o.a.j.t.JMeterThread: Thread finished: Thread Group 1-54
2023-12-29 19:08:38,935 INFO o.a.j.t.JMeterThread: Stopping because end time detected by thread: Thread Group 1-99
2023-12-29 19:08:38,935 INFO o.a.j.t.JMeterThread: Thread finished: Thread Group 1-99
2023-12-29 19:08:39,356 INFO o.a.j.t.JMeterThread: Stopping because end time detected by thread: Thread Group 1-17
2023-12-29 19:08:39,357 INFO o.a.j.t.JMeterThread: Thread finished: Thread Group 1-17
2023-12-29 19:08:39,885 INFO o.a.j.t.JMeterThread: Stopping because end time detected by thread: Thread Group 1-100
2023-12-29 19:08:39,886 INFO o.a.j.t.JMeterThread: Thread finished: Thread Group 1-100
2023-12-29 19:08:40,373 INFO o.a.j.t.JMeterThread: Stopping because end time detected by thread: Thread Group 1-55
2023-12-29 19:08:40,373 INFO o.a.j.t.JMeterThread: Thread finished: Thread Group 1-55
2023-12-29 19:08:40,871 INFO o.a.j.t.JMeterThread: Stopping because end time detected by thread: Thread Group 1-3
2023-12-29 19:08:40,872 INFO o.a.j.t.JMeterThread: Thread finished: Thread Group 1-3
2023-12-29 19:08:41,357 INFO o.a.j.t.JMeterThread: Stopping because end time detected by thread: Thread Group 1-56
2023-12-29 19:08:41,357 INFO o.a.j.t.JMeterThread: Thread finished: Thread Group 1-56
2023-12-29 19:08:41,797 INFO o.a.j.t.JMeterThread: Stopping because end time detected by thread: Thread Group 1-31
2023-12-29 19:08:41,798 INFO o.a.j.t.JMeterThread: Thread finished: Thread Group 1-31
2023-12-29 19:08:42,282 INFO o.a.j.t.JMeterThread: Stopping because end time detected by thread: Thread Group 1-10
2023-12-29 19:08:42,282 INFO o.a.j.t.JMeterThread: Thread finished: Thread Group 1-10
2023-12-29 19:08:42,816 INFO o.a.j.t.JMeterThread: Stopping because end time detected by thread: Thread Group 1-57
2023-12-29 19:08:42,816 INFO o.a.j.t.JMeterThread: Thread finished: Thread Group 1-57
2023-12-29 19:08:43,291 INFO o.a.j.t.JMeterThread: Stopping because end time detected by thread: Thread Group 1-32
2023-12-29 19:08:43,291 INFO o.a.j.t.JMeterThread: Thread finished: Thread Group 1-32
2023-12-29 19:08:43,783 INFO o.a.j.t.JMeterThread: Stopping because end time detected by thread: Thread Group 1-58
2023-12-29 19:08:43,783 INFO o.a.j.t.JMeterThread: Thread finished: Thread Group 1-58
2023-12-29 19:08:44,260 INFO o.a.j.t.JMeterThread: Stopping because end time detected by thread: Thread Group 1-18
2023-12-29 19:08:44,260 INFO o.a.j.t.JMeterThread: Thread finished: Thread Group 1-18
2023-12-29 19:08:44,729 INFO o.a.j.t.JMeterThread: Stopping because end time detected by thread: Thread Group 1-59
2023-12-29 19:08:44,729 INFO o.a.j.t.JMeterThread: Thread finished: Thread Group 1-59
2023-12-29 19:08:45,189 INFO o.a.j.t.JMeterThread: Stopping because end time detected by thread: Thread Group 1-33
2023-12-29 19:08:45,189 INFO o.a.j.t.JMeterThread: Thread finished: Thread Group 1-33
2023-12-29 19:08:45,693 INFO o.a.j.t.JMeterThread: Stopping because end time detected by thread: Thread Group 1-60
2023-12-29 19:08:45,694 INFO o.a.j.t.JMeterThread: Thread finished: Thread Group 1-60
2023-12-29 19:08:46,176 INFO o.a.j.t.JMeterThread: Stopping because end time detected by thread: Thread Group 1-6
2023-12-29 19:08:46,176 INFO o.a.j.t.JMeterThread: Thread finished: Thread Group 1-6
2023-12-29 19:08:46,673 INFO o.a.j.t.JMeterThread: Stopping because end time detected by thread: Thread Group 1-61
2023-12-29 19:08:46,673 INFO o.a.j.t.JMeterThread: Thread finished: Thread Group 1-61
2023-12-29 19:08:47,185 INFO o.a.j.t.JMeterThread: Stopping because end time detected by thread: Thread Group 1-34
2023-12-29 19:08:47,185 INFO o.a.j.t.JMeterThread: Thread finished: Thread Group 1-34
2023-12-29 19:08:47,801 INFO o.a.j.t.JMeterThread: Stopping because end time detected by thread: Thread Group 1-62
2023-12-29 19:08:47,802 INFO o.a.j.t.JMeterThread: Thread finished: Thread Group 1-62
2023-12-29 19:08:48,270 INFO o.a.j.t.JMeterThread: Stopping because end time detected by thread: Thread Group 1-19
2023-12-29 19:08:48,270 INFO o.a.j.t.JMeterThread: Thread finished: Thread Group 1-19
2023-12-29 19:08:48,722 INFO o.a.j.t.JMeterThread: Stopping because end time detected by thread: Thread Group 1-35
2023-12-29 19:08:48,723 INFO o.a.j.t.JMeterThread: Thread finished: Thread Group 1-35
2023-12-29 19:08:49,211 INFO o.a.j.t.JMeterThread: Stopping because end time detected by thread: Thread Group 1-63
2023-12-29 19:08:49,211 INFO o.a.j.t.JMeterThread: Thread finished: Thread Group 1-63
2023-12-29 19:08:49,699 INFO o.a.j.t.JMeterThread: Stopping because end time detected by thread: Thread Group 1-11
2023-12-29 19:08:49,699 INFO o.a.j.t.JMeterThread: Thread finished: Thread Group 1-11
2023-12-29 19:08:50,206 INFO o.a.j.t.JMeterThread: Stopping because end time detected by thread: Thread Group 1-64
2023-12-29 19:08:50,207 INFO o.a.j.t.JMeterThread: Thread finished: Thread Group 1-64
2023-12-29 19:08:50,690 INFO o.a.j.t.JMeterThread: Stopping because end time detected by thread: Thread Group 1-20
2023-12-29 19:08:50,691 INFO o.a.j.t.JMeterThread: Thread finished: Thread Group 1-20
2023-12-29 19:08:51,150 INFO o.a.j.t.JMeterThread: Stopping because end time detected by thread: Thread Group 1-65
2023-12-29 19:08:51,151 INFO o.a.j.t.JMeterThread: Thread finished: Thread Group 1-65
2023-12-29 19:08:51,654 INFO o.a.j.t.JMeterThread: Stopping because end time detected by thread: Thread Group 1-36
2023-12-29 19:08:51,655 INFO o.a.j.t.JMeterThread: Thread finished: Thread Group 1-36
2023-12-29 19:08:52,255 INFO o.a.j.t.JMeterThread: Stopping because end time detected by thread: Thread Group 1-66
2023-12-29 19:08:52,256 INFO o.a.j.t.JMeterThread: Thread finished: Thread Group 1-66
2023-12-29 19:08:52,731 INFO o.a.j.t.JMeterThread: Stopping because end time detected by thread: Thread Group 1-1
2023-12-29 19:08:52,731 INFO o.a.j.t.JMeterThread: Thread finished: Thread Group 1-1
2023-12-29 19:08:53,194 INFO o.a.j.t.JMeterThread: Stopping because end time detected by thread: Thread Group 1-67
2023-12-29 19:08:53,194 INFO o.a.j.t.JMeterThread: Thread finished: Thread Group 1-67
2023-12-29 19:08:53,739 INFO o.a.j.t.JMeterThread: Stopping because end time detected by thread: Thread Group 1-37
2023-12-29 19:08:53,740 INFO o.a.j.t.JMeterThread: Thread finished: Thread Group 1-37
2023-12-29 19:08:54,303 INFO o.a.j.t.JMeterThread: Stopping because end time detected by thread: Thread Group 1-21
2023-12-29 19:08:54,304 INFO o.a.j.t.JMeterThread: Thread finished: Thread Group 1-21
2023-12-29 19:08:54,761 INFO o.a.j.t.JMeterThread: Stopping because end time detected by thread: Thread Group 1-68
2023-12-29 19:08:54,762 INFO o.a.j.t.JMeterThread: Thread finished: Thread Group 1-68
2023-12-29 19:08:55,241 INFO o.a.j.t.JMeterThread: Stopping because end time detected by thread: Thread Group 1-38
2023-12-29 19:08:55,242 INFO o.a.j.t.JMeterThread: Thread finished: Thread Group 1-38
2023-12-29 19:08:55,729 INFO o.a.j.t.JMeterThread: Stopping because end time detected by thread: Thread Group 1-69
2023-12-29 19:08:55,729 INFO o.a.j.t.JMeterThread: Thread finished: Thread Group 1-69
2023-12-29 19:08:56,252 INFO o.a.j.t.JMeterThread: Stopping because end time detected by thread: Thread Group 1-12
2023-12-29 19:08:56,252 INFO o.a.j.t.JMeterThread: Thread finished: Thread Group 1-12
2023-12-29 19:08:56,735 INFO o.a.j.t.JMeterThread: Stopping because end time detected by thread: Thread Group 1-70
2023-12-29 19:08:56,735 INFO o.a.j.t.JMeterThread: Thread finished: Thread Group 1-70
2023-12-29 19:08:57,227 INFO o.a.j.t.JMeterThread: Stopping because end time detected by thread: Thread Group 1-39
2023-12-29 19:08:57,228 INFO o.a.j.t.JMeterThread: Thread finished: Thread Group 1-39
2023-12-29 19:08:57,750 INFO o.a.j.t.JMeterThread: Stopping because end time detected by thread: Thread Group 1-71
2023-12-29 19:08:57,750 INFO o.a.j.t.JMeterThread: Thread finished: Thread Group 1-71
2023-12-29 19:08:58,194 INFO o.a.j.t.JMeterThread: Stopping because end time detected by thread: Thread Group 1-7
2023-12-29 19:08:58,194 INFO o.a.j.t.JMeterThread: Thread finished: Thread Group 1-7
2023-12-29 19:08:58,672 INFO o.a.j.t.JMeterThread: Stopping because end time detected by thread: Thread Group 1-72
2023-12-29 19:08:58,672 INFO o.a.j.t.JMeterThread: Thread finished: Thread Group 1-72
2023-12-29 19:08:59,197 INFO o.a.j.t.JMeterThread: Stopping because end time detected by thread: Thread Group 1-40
2023-12-29 19:08:59,197 INFO o.a.j.t.JMeterThread: Thread finished: Thread Group 1-40
2023-12-29 19:08:59,707 INFO o.a.j.t.JMeterThread: Stopping because end time detected by thread: Thread Group 1-22
2023-12-29 19:08:59,707 INFO o.a.j.t.JMeterThread: Thread finished: Thread Group 1-22
2023-12-29 19:09:00,202 INFO o.a.j.r.Summariser: summary +     60 in 00:00:30 =    2.0/s Avg: 50070 Min: 49734 Max: 50494 Err:     0 (0.00%) Active: 31 Started: 100 Finished: 69
2023-12-29 19:09:00,203 INFO o.a.j.r.Summariser: summary =    658 in 00:05:35 =    2.0/s Avg: 42236 Min:  1086 Max: 52987 Err:     0 (0.00%)
2023-12-29 19:09:00,203 INFO o.a.j.t.JMeterThread: Stopping because end time detected by thread: Thread Group 1-73
2023-12-29 19:09:00,203 INFO o.a.j.t.JMeterThread: Thread finished: Thread Group 1-73
2023-12-29 19:09:00,683 INFO o.a.j.t.JMeterThread: Stopping because end time detected by thread: Thread Group 1-4
2023-12-29 19:09:00,683 INFO o.a.j.t.JMeterThread: Thread finished: Thread Group 1-4
2023-12-29 19:09:01,211 INFO o.a.j.t.JMeterThread: Stopping because end time detected by thread: Thread Group 1-74
2023-12-29 19:09:01,211 INFO o.a.j.t.JMeterThread: Thread finished: Thread Group 1-74
2023-12-29 19:09:01,702 INFO o.a.j.t.JMeterThread: Stopping because end time detected by thread: Thread Group 1-41
2023-12-29 19:09:01,702 INFO o.a.j.t.JMeterThread: Thread finished: Thread Group 1-41
2023-12-29 19:09:02,165 INFO o.a.j.t.JMeterThread: Stopping because end time detected by thread: Thread Group 1-75
2023-12-29 19:09:02,166 INFO o.a.j.t.JMeterThread: Thread finished: Thread Group 1-75
2023-12-29 19:09:02,638 INFO o.a.j.t.JMeterThread: Stopping because end time detected by thread: Thread Group 1-23
2023-12-29 19:09:02,638 INFO o.a.j.t.JMeterThread: Thread finished: Thread Group 1-23
2023-12-29 19:09:03,143 INFO o.a.j.t.JMeterThread: Stopping because end time detected by thread: Thread Group 1-76
2023-12-29 19:09:03,143 INFO o.a.j.t.JMeterThread: Thread finished: Thread Group 1-76
2023-12-29 19:09:03,631 INFO o.a.j.t.JMeterThread: Stopping because end time detected by thread: Thread Group 1-42
2023-12-29 19:09:03,631 INFO o.a.j.t.JMeterThread: Thread finished: Thread Group 1-42
2023-12-29 19:09:04,117 INFO o.a.j.t.JMeterThread: Stopping because end time detected by thread: Thread Group 1-13
2023-12-29 19:09:04,117 INFO o.a.j.t.JMeterThread: Thread finished: Thread Group 1-13
2023-12-29 19:09:04,606 INFO o.a.j.t.JMeterThread: Stopping because end time detected by thread: Thread Group 1-77
2023-12-29 19:09:04,606 INFO o.a.j.t.JMeterThread: Thread finished: Thread Group 1-77
2023-12-29 19:09:05,112 INFO o.a.j.t.JMeterThread: Stopping because end time detected by thread: Thread Group 1-43
2023-12-29 19:09:05,113 INFO o.a.j.t.JMeterThread: Thread finished: Thread Group 1-43
2023-12-29 19:09:05,590 INFO o.a.j.t.JMeterThread: Stopping because end time detected by thread: Thread Group 1-78
2023-12-29 19:09:05,591 INFO o.a.j.t.JMeterThread: Thread finished: Thread Group 1-78
2023-12-29 19:09:06,073 INFO o.a.j.t.JMeterThread: Stopping because end time detected by thread: Thread Group 1-24
2023-12-29 19:09:06,073 INFO o.a.j.t.JMeterThread: Thread finished: Thread Group 1-24
2023-12-29 19:09:06,585 INFO o.a.j.t.JMeterThread: Stopping because end time detected by thread: Thread Group 1-79
2023-12-29 19:09:06,586 INFO o.a.j.t.JMeterThread: Thread finished: Thread Group 1-79
2023-12-29 19:09:07,052 INFO o.a.j.t.JMeterThread: Stopping because end time detected by thread: Thread Group 1-2
2023-12-29 19:09:07,052 INFO o.a.j.t.JMeterThread: Thread finished: Thread Group 1-2
2023-12-29 19:09:07,589 INFO o.a.j.t.JMeterThread: Stopping because end time detected by thread: Thread Group 1-80
2023-12-29 19:09:07,589 INFO o.a.j.t.JMeterThread: Thread finished: Thread Group 1-80
2023-12-29 19:09:08,073 INFO o.a.j.t.JMeterThread: Stopping because end time detected by thread: Thread Group 1-44
2023-12-29 19:09:08,073 INFO o.a.j.t.JMeterThread: Thread finished: Thread Group 1-44
2023-12-29 19:09:08,552 INFO o.a.j.t.JMeterThread: Stopping because end time detected by thread: Thread Group 1-25
2023-12-29 19:09:08,552 INFO o.a.j.t.JMeterThread: Thread finished: Thread Group 1-25
2023-12-29 19:09:10,797 INFO o.a.j.t.JMeterThread: Stopping because end time detected by thread: Thread Group 1-81
2023-12-29 19:09:10,797 INFO o.a.j.t.JMeterThread: Thread finished: Thread Group 1-81
2023-12-29 19:09:10,930 INFO o.a.j.t.JMeterThread: Stopping because end time detected by thread: Thread Group 1-45
2023-12-29 19:09:10,931 INFO o.a.j.t.JMeterThread: Thread finished: Thread Group 1-45
2023-12-29 19:09:11,405 INFO o.a.j.t.JMeterThread: Stopping because end time detected by thread: Thread Group 1-82
2023-12-29 19:09:11,406 INFO o.a.j.t.JMeterThread: Thread finished: Thread Group 1-82
2023-12-29 19:09:11,908 INFO o.a.j.t.JMeterThread: Stopping because end time detected by thread: Thread Group 1-14
2023-12-29 19:09:11,908 INFO o.a.j.t.JMeterThread: Thread finished: Thread Group 1-14
2023-12-29 19:09:12,371 INFO o.a.j.t.JMeterThread: Stopping because end time detected by thread: Thread Group 1-83
2023-12-29 19:09:12,371 INFO o.a.j.t.JMeterThread: Thread finished: Thread Group 1-83
2023-12-29 19:09:12,840 INFO o.a.j.t.JMeterThread: Stopping because end time detected by thread: Thread Group 1-46
2023-12-29 19:09:12,841 INFO o.a.j.t.JMeterThread: Thread finished: Thread Group 1-46
2023-12-29 19:09:13,354 INFO o.a.j.t.JMeterThread: Stopping because end time detected by thread: Thread Group 1-84
2023-12-29 19:09:13,354 INFO o.a.j.t.JMeterThread: Thread finished: Thread Group 1-84
2023-12-29 19:09:13,826 INFO o.a.j.t.JMeterThread: Stopping because end time detected by thread: Thread Group 1-26
2023-12-29 19:09:13,826 INFO o.a.j.t.JMeterThread: Thread finished: Thread Group 1-26
2023-12-29 19:09:14,348 INFO o.a.j.t.JMeterThread: Stopping because end time detected by thread: Thread Group 1-85
2023-12-29 19:09:14,349 INFO o.a.j.t.JMeterThread: Thread finished: Thread Group 1-85
2023-12-29 19:09:14,858 INFO o.a.j.t.JMeterThread: Stopping because end time detected by thread: Thread Group 1-47
2023-12-29 19:09:14,858 INFO o.a.j.t.JMeterThread: Thread finished: Thread Group 1-47
2023-12-29 19:09:15,359 INFO o.a.j.t.JMeterThread: Stopping because end time detected by thread: Thread Group 1-8
2023-12-29 19:09:15,360 INFO o.a.j.t.JMeterThread: Thread finished: Thread Group 1-8
2023-12-29 19:09:15,895 INFO o.a.j.t.JMeterThread: Stopping because end time detected by thread: Thread Group 1-86
2023-12-29 19:09:15,895 INFO o.a.j.t.JMeterThread: Thread finished: Thread Group 1-86
2023-12-29 19:09:16,377 INFO o.a.j.t.JMeterThread: Stopping because end time detected by thread: Thread Group 1-27
2023-12-29 19:09:16,378 INFO o.a.j.t.JMeterThread: Thread finished: Thread Group 1-27
2023-12-29 19:09:16,378 INFO o.a.j.e.StandardJMeterEngine: Notifying test listeners of end of test
2023-12-29 19:09:16,379 INFO o.a.j.r.Summariser: summary +     30 in 00:00:16 =    1.9/s Avg: 50437 Min: 49794 Max: 51542 Err:     0 (0.00%) Active: 0 Started: 100 Finished: 100
2023-12-29 19:09:16,380 INFO o.a.j.r.Summariser: summary =    688 in 00:05:51 =    2.0/s Avg: 42593 Min:  1086 Max: 52987 Err:     0 (0.00%)
