2023-12-29 19:22:43,349 INFO o.a.j.u.JMeterUtils: Setting Locale to en_EN
2023-12-29 19:22:43,378 INFO o.a.j.JMeter: Loading user properties from: /home/luffy-55/Documents/mei1/ASCN/apache-jmeter-5.6.2/bin/user.properties
2023-12-29 19:22:43,379 INFO o.a.j.JMeter: Loading system properties from: /home/luffy-55/Documents/mei1/ASCN/apache-jmeter-5.6.2/bin/system.properties
2023-12-29 19:22:43,388 INFO o.a.j.JMeter: Copyright (c) 1998-2023 The Apache Software Foundation
2023-12-29 19:22:43,389 INFO o.a.j.JMeter: Version 5.6.2
2023-12-29 19:22:43,389 INFO o.a.j.JMeter: java.version=17.0.7
2023-12-29 19:22:43,389 INFO o.a.j.JMeter: java.vm.name=OpenJDK 64-Bit Server VM
2023-12-29 19:22:43,389 INFO o.a.j.JMeter: os.name=Linux
2023-12-29 19:22:43,389 INFO o.a.j.JMeter: os.arch=amd64
2023-12-29 19:22:43,389 INFO o.a.j.JMeter: os.version=6.3.8-100.fc37.x86_64
2023-12-29 19:22:43,389 INFO o.a.j.JMeter: file.encoding=UTF-8
2023-12-29 19:22:43,389 INFO o.a.j.JMeter: java.awt.headless=true
2023-12-29 19:22:43,390 INFO o.a.j.JMeter: Max memory     =1073741824
2023-12-29 19:22:43,390 INFO o.a.j.JMeter: Available Processors =8
2023-12-29 19:22:43,405 INFO o.a.j.JMeter: Default Locale=English (EN)
2023-12-29 19:22:43,405 INFO o.a.j.JMeter: JMeter  Locale=English (EN)
2023-12-29 19:22:43,405 INFO o.a.j.JMeter: JMeterHome=/home/luffy-55/Documents/mei1/ASCN/apache-jmeter-5.6.2
2023-12-29 19:22:43,405 INFO o.a.j.JMeter: user.dir  =/home/luffy-55/Documents/mei1/ASCN/GrupoTP-12
2023-12-29 19:22:43,405 INFO o.a.j.JMeter: PWD       =/home/luffy-55/Documents/mei1/ASCN/GrupoTP-12
2023-12-29 19:22:43,406 INFO o.a.j.JMeter: IP: 192.168.2.150 Name: fedora36 FullName: fedora36
2023-12-29 19:22:43,423 INFO o.a.j.s.FileServer: Default base='/home/luffy-55/Documents/mei1/ASCN/GrupoTP-12'
2023-12-29 19:22:43,425 INFO o.a.j.s.FileServer: Set new base='/home/luffy-55/Documents/mei1/ASCN/GrupoTP-12/jmeter'
2023-12-29 19:22:43,648 INFO o.a.j.s.SaveService: Testplan (JMX) version: 2.2. Testlog (JTL) version: 2.2
2023-12-29 19:22:43,684 INFO o.a.j.s.SaveService: Using SaveService properties version 5.0
2023-12-29 19:22:43,688 INFO o.a.j.s.SaveService: Using SaveService properties file encoding UTF-8
2023-12-29 19:22:43,693 INFO o.a.j.s.SaveService: Loading file: jmeter/jmeter.jmx
2023-12-29 19:22:43,755 INFO o.a.j.p.h.s.HTTPSamplerBase: Parser for text/html is org.apache.jmeter.protocol.http.parser.LagartoBasedHtmlParser
2023-12-29 19:22:43,756 INFO o.a.j.p.h.s.HTTPSamplerBase: Parser for application/xhtml+xml is org.apache.jmeter.protocol.http.parser.LagartoBasedHtmlParser
2023-12-29 19:22:43,756 INFO o.a.j.p.h.s.HTTPSamplerBase: Parser for application/xml is org.apache.jmeter.protocol.http.parser.LagartoBasedHtmlParser
2023-12-29 19:22:43,756 INFO o.a.j.p.h.s.HTTPSamplerBase: Parser for text/xml is org.apache.jmeter.protocol.http.parser.LagartoBasedHtmlParser
2023-12-29 19:22:43,756 INFO o.a.j.p.h.s.HTTPSamplerBase: Parser for text/vnd.wap.wml is org.apache.jmeter.protocol.http.parser.RegexpHTMLParser
2023-12-29 19:22:43,756 INFO o.a.j.p.h.s.HTTPSamplerBase: Parser for text/css is org.apache.jmeter.protocol.http.parser.CssParser
2023-12-29 19:22:43,792 INFO o.a.j.JMeter: Creating summariser <summary>
2023-12-29 19:22:43,807 INFO o.a.j.e.StandardJMeterEngine: Running the test!
2023-12-29 19:22:43,808 INFO o.a.j.s.SampleEvent: List of sample_variables: []
2023-12-29 19:22:43,808 INFO o.a.j.s.SampleEvent: List of sample_variables: []
2023-12-29 19:22:43,816 INFO o.a.j.e.u.CompoundVariable: Note: Function class names must contain the string: '.functions.'
2023-12-29 19:22:43,816 INFO o.a.j.e.u.CompoundVariable: Note: Function class names must not contain the string: '.gui.'
2023-12-29 19:22:43,898 INFO o.a.j.JMeter: Running test (1703877763898)
2023-12-29 19:22:43,914 INFO o.a.j.e.StandardJMeterEngine: Starting ThreadGroup: 1 : Thread Group
2023-12-29 19:22:43,915 INFO o.a.j.e.StandardJMeterEngine: Starting 100 threads for group Thread Group.
2023-12-29 19:22:43,915 INFO o.a.j.e.StandardJMeterEngine: Thread will continue on error
2023-12-29 19:22:43,915 INFO o.a.j.t.ThreadGroup: Starting thread group... number=1 threads=100 ramp-up=60 delayedStart=false
2023-12-29 19:22:43,927 INFO o.a.j.t.JMeterThread: Thread started: Thread Group 1-1
2023-12-29 19:22:43,979 INFO o.a.j.t.ThreadGroup: Started thread group number 1
2023-12-29 19:22:43,979 INFO o.a.j.e.StandardJMeterEngine: All thread groups have been started
2023-12-29 19:22:44,295 INFO o.a.j.p.h.s.HTTPHCAbstractImpl: Local host = fedora36
2023-12-29 19:22:44,311 INFO o.a.j.p.h.s.HTTPHC4Impl: HTTP request retry count = 0
2023-12-29 19:22:44,315 INFO o.a.j.s.SampleResult: Note: Sample TimeStamps are START times
2023-12-29 19:22:44,316 INFO o.a.j.s.SampleResult: sampleresult.default.encoding is set to UTF-8
2023-12-29 19:22:44,316 INFO o.a.j.s.SampleResult: sampleresult.useNanoTime=true
2023-12-29 19:22:44,316 INFO o.a.j.s.SampleResult: sampleresult.nanoThreadSleep=5000
2023-12-29 19:22:44,525 INFO o.a.j.t.JMeterThread: Thread started: Thread Group 1-2
2023-12-29 19:22:45,121 INFO o.a.j.t.JMeterThread: Thread started: Thread Group 1-3
2023-12-29 19:22:45,720 INFO o.a.j.t.JMeterThread: Thread started: Thread Group 1-4
2023-12-29 19:22:46,320 INFO o.a.j.t.JMeterThread: Thread started: Thread Group 1-5
2023-12-29 19:22:46,918 INFO o.a.j.t.JMeterThread: Thread started: Thread Group 1-6
2023-12-29 19:22:47,519 INFO o.a.j.t.JMeterThread: Thread started: Thread Group 1-7
2023-12-29 19:22:48,118 INFO o.a.j.t.JMeterThread: Thread started: Thread Group 1-8
2023-12-29 19:22:48,717 INFO o.a.j.t.JMeterThread: Thread started: Thread Group 1-9
2023-12-29 19:22:49,316 INFO o.a.j.t.JMeterThread: Thread started: Thread Group 1-10
2023-12-29 19:22:49,916 INFO o.a.j.t.JMeterThread: Thread started: Thread Group 1-11
2023-12-29 19:22:50,516 INFO o.a.j.t.JMeterThread: Thread started: Thread Group 1-12
2023-12-29 19:22:51,116 INFO o.a.j.t.JMeterThread: Thread started: Thread Group 1-13
2023-12-29 19:22:51,719 INFO o.a.j.t.JMeterThread: Thread started: Thread Group 1-14
2023-12-29 19:22:52,317 INFO o.a.j.t.JMeterThread: Thread started: Thread Group 1-15
2023-12-29 19:22:52,916 INFO o.a.j.t.JMeterThread: Thread started: Thread Group 1-16
2023-12-29 19:22:53,517 INFO o.a.j.t.JMeterThread: Thread started: Thread Group 1-17
2023-12-29 19:22:54,118 INFO o.a.j.t.JMeterThread: Thread started: Thread Group 1-18
2023-12-29 19:22:54,716 INFO o.a.j.t.JMeterThread: Thread started: Thread Group 1-19
2023-12-29 19:22:55,317 INFO o.a.j.t.JMeterThread: Thread started: Thread Group 1-20
2023-12-29 19:22:55,917 INFO o.a.j.t.JMeterThread: Thread started: Thread Group 1-21
2023-12-29 19:22:56,517 INFO o.a.j.t.JMeterThread: Thread started: Thread Group 1-22
2023-12-29 19:22:57,117 INFO o.a.j.t.JMeterThread: Thread started: Thread Group 1-23
2023-12-29 19:22:57,716 INFO o.a.j.t.JMeterThread: Thread started: Thread Group 1-24
2023-12-29 19:22:58,317 INFO o.a.j.t.JMeterThread: Thread started: Thread Group 1-25
2023-12-29 19:22:58,916 INFO o.a.j.t.JMeterThread: Thread started: Thread Group 1-26
2023-12-29 19:22:59,517 INFO o.a.j.t.JMeterThread: Thread started: Thread Group 1-27
2023-12-29 19:23:00,117 INFO o.a.j.t.JMeterThread: Thread started: Thread Group 1-28
2023-12-29 19:23:00,365 INFO o.a.j.r.Summariser: summary +     31 in 00:00:16 =    1.9/s Avg:  3930 Min:  1133 Max:  7169 Err:     0 (0.00%) Active: 28 Started: 28 Finished: 0
2023-12-29 19:23:00,717 INFO o.a.j.t.JMeterThread: Thread started: Thread Group 1-29
2023-12-29 19:23:01,316 INFO o.a.j.t.JMeterThread: Thread started: Thread Group 1-30
2023-12-29 19:23:01,917 INFO o.a.j.t.JMeterThread: Thread started: Thread Group 1-31
2023-12-29 19:23:02,515 INFO o.a.j.t.JMeterThread: Thread started: Thread Group 1-32
2023-12-29 19:23:03,116 INFO o.a.j.t.JMeterThread: Thread started: Thread Group 1-33
2023-12-29 19:23:03,715 INFO o.a.j.t.JMeterThread: Thread started: Thread Group 1-34
2023-12-29 19:23:04,316 INFO o.a.j.t.JMeterThread: Thread started: Thread Group 1-35
2023-12-29 19:23:04,915 INFO o.a.j.t.JMeterThread: Thread started: Thread Group 1-36
2023-12-29 19:23:05,519 INFO o.a.j.t.JMeterThread: Thread started: Thread Group 1-37
2023-12-29 19:23:06,117 INFO o.a.j.t.JMeterThread: Thread started: Thread Group 1-38
2023-12-29 19:23:06,717 INFO o.a.j.t.JMeterThread: Thread started: Thread Group 1-39
2023-12-29 19:23:07,315 INFO o.a.j.t.JMeterThread: Thread started: Thread Group 1-40
2023-12-29 19:23:07,916 INFO o.a.j.t.JMeterThread: Thread started: Thread Group 1-41
2023-12-29 19:23:08,518 INFO o.a.j.t.JMeterThread: Thread started: Thread Group 1-42
2023-12-29 19:23:09,116 INFO o.a.j.t.JMeterThread: Thread started: Thread Group 1-43
2023-12-29 19:23:09,718 INFO o.a.j.t.JMeterThread: Thread started: Thread Group 1-44
2023-12-29 19:23:10,317 INFO o.a.j.t.JMeterThread: Thread started: Thread Group 1-45
2023-12-29 19:23:10,917 INFO o.a.j.t.JMeterThread: Thread started: Thread Group 1-46
2023-12-29 19:23:11,516 INFO o.a.j.t.JMeterThread: Thread started: Thread Group 1-47
2023-12-29 19:23:12,115 INFO o.a.j.t.JMeterThread: Thread started: Thread Group 1-48
2023-12-29 19:23:12,716 INFO o.a.j.t.JMeterThread: Thread started: Thread Group 1-49
2023-12-29 19:23:13,315 INFO o.a.j.t.JMeterThread: Thread started: Thread Group 1-50
2023-12-29 19:23:13,915 INFO o.a.j.t.JMeterThread: Thread started: Thread Group 1-51
2023-12-29 19:23:14,516 INFO o.a.j.t.JMeterThread: Thread started: Thread Group 1-52
2023-12-29 19:23:15,115 INFO o.a.j.t.JMeterThread: Thread started: Thread Group 1-53
2023-12-29 19:23:15,717 INFO o.a.j.t.JMeterThread: Thread started: Thread Group 1-54
2023-12-29 19:23:16,317 INFO o.a.j.t.JMeterThread: Thread started: Thread Group 1-55
2023-12-29 19:23:16,916 INFO o.a.j.t.JMeterThread: Thread started: Thread Group 1-56
2023-12-29 19:23:17,516 INFO o.a.j.t.JMeterThread: Thread started: Thread Group 1-57
2023-12-29 19:23:18,116 INFO o.a.j.t.JMeterThread: Thread started: Thread Group 1-58
2023-12-29 19:23:18,715 INFO o.a.j.t.JMeterThread: Thread started: Thread Group 1-59
2023-12-29 19:23:19,316 INFO o.a.j.t.JMeterThread: Thread started: Thread Group 1-60
2023-12-29 19:23:19,916 INFO o.a.j.t.JMeterThread: Thread started: Thread Group 1-61
2023-12-29 19:23:20,515 INFO o.a.j.t.JMeterThread: Thread started: Thread Group 1-62
2023-12-29 19:23:21,116 INFO o.a.j.t.JMeterThread: Thread started: Thread Group 1-63
2023-12-29 19:23:21,715 INFO o.a.j.t.JMeterThread: Thread started: Thread Group 1-64
2023-12-29 19:23:22,315 INFO o.a.j.t.JMeterThread: Thread started: Thread Group 1-65
2023-12-29 19:23:22,916 INFO o.a.j.t.JMeterThread: Thread started: Thread Group 1-66
2023-12-29 19:23:23,515 INFO o.a.j.t.JMeterThread: Thread started: Thread Group 1-67
2023-12-29 19:23:24,116 INFO o.a.j.t.JMeterThread: Thread started: Thread Group 1-68
2023-12-29 19:23:24,717 INFO o.a.j.t.JMeterThread: Thread started: Thread Group 1-69
2023-12-29 19:23:25,316 INFO o.a.j.t.JMeterThread: Thread started: Thread Group 1-70
2023-12-29 19:23:25,917 INFO o.a.j.t.JMeterThread: Thread started: Thread Group 1-71
2023-12-29 19:23:26,517 INFO o.a.j.t.JMeterThread: Thread started: Thread Group 1-72
2023-12-29 19:23:27,116 INFO o.a.j.t.JMeterThread: Thread started: Thread Group 1-73
2023-12-29 19:23:27,716 INFO o.a.j.t.JMeterThread: Thread started: Thread Group 1-74
2023-12-29 19:23:28,317 INFO o.a.j.t.JMeterThread: Thread started: Thread Group 1-75
2023-12-29 19:23:28,915 INFO o.a.j.t.JMeterThread: Thread started: Thread Group 1-76
2023-12-29 19:23:29,516 INFO o.a.j.t.JMeterThread: Thread started: Thread Group 1-77
2023-12-29 19:23:30,116 INFO o.a.j.t.JMeterThread: Thread started: Thread Group 1-78
2023-12-29 19:23:30,293 INFO o.a.j.r.Summariser: summary +     58 in 00:00:30 =    1.9/s Avg: 14398 Min:  7643 Max: 21380 Err:     0 (0.00%) Active: 78 Started: 78 Finished: 0
2023-12-29 19:23:30,293 INFO o.a.j.r.Summariser: summary =     89 in 00:00:46 =    1.9/s Avg: 10751 Min:  1133 Max: 21380 Err:     0 (0.00%)
2023-12-29 19:23:30,715 INFO o.a.j.t.JMeterThread: Thread started: Thread Group 1-79
2023-12-29 19:23:31,316 INFO o.a.j.t.JMeterThread: Thread started: Thread Group 1-80
2023-12-29 19:23:31,916 INFO o.a.j.t.JMeterThread: Thread started: Thread Group 1-81
2023-12-29 19:23:32,515 INFO o.a.j.t.JMeterThread: Thread started: Thread Group 1-82
2023-12-29 19:23:33,116 INFO o.a.j.t.JMeterThread: Thread started: Thread Group 1-83
2023-12-29 19:23:33,715 INFO o.a.j.t.JMeterThread: Thread started: Thread Group 1-84
2023-12-29 19:23:34,316 INFO o.a.j.t.JMeterThread: Thread started: Thread Group 1-85
2023-12-29 19:23:34,916 INFO o.a.j.t.JMeterThread: Thread started: Thread Group 1-86
2023-12-29 19:23:35,515 INFO o.a.j.t.JMeterThread: Thread started: Thread Group 1-87
2023-12-29 19:23:36,117 INFO o.a.j.t.JMeterThread: Thread started: Thread Group 1-88
2023-12-29 19:23:36,716 INFO o.a.j.t.JMeterThread: Thread started: Thread Group 1-89
2023-12-29 19:23:37,315 INFO o.a.j.t.JMeterThread: Thread started: Thread Group 1-90
2023-12-29 19:23:37,915 INFO o.a.j.t.JMeterThread: Thread started: Thread Group 1-91
2023-12-29 19:23:38,516 INFO o.a.j.t.JMeterThread: Thread started: Thread Group 1-92
2023-12-29 19:23:39,115 INFO o.a.j.t.JMeterThread: Thread started: Thread Group 1-93
2023-12-29 19:23:39,716 INFO o.a.j.t.JMeterThread: Thread started: Thread Group 1-94
2023-12-29 19:23:40,317 INFO o.a.j.t.JMeterThread: Thread started: Thread Group 1-95
2023-12-29 19:23:40,915 INFO o.a.j.t.JMeterThread: Thread started: Thread Group 1-96
2023-12-29 19:23:41,517 INFO o.a.j.t.JMeterThread: Thread started: Thread Group 1-97
2023-12-29 19:23:42,117 INFO o.a.j.t.JMeterThread: Thread started: Thread Group 1-98
2023-12-29 19:23:42,716 INFO o.a.j.t.JMeterThread: Thread started: Thread Group 1-99
2023-12-29 19:23:43,315 INFO o.a.j.t.JMeterThread: Thread started: Thread Group 1-100
2023-12-29 19:24:00,316 INFO o.a.j.r.Summariser: summary +     73 in 00:00:30 =    2.4/s Avg: 21850 Min:   153 Max: 35443 Err:     1 (1.37%) Active: 100 Started: 100 Finished: 0
2023-12-29 19:24:00,318 INFO o.a.j.r.Summariser: summary =    162 in 00:01:16 =    2.1/s Avg: 15753 Min:   153 Max: 35443 Err:     1 (0.62%)
2023-12-29 19:24:30,355 INFO o.a.j.r.Summariser: summary +    108 in 00:00:30 =    3.6/s Avg: 22640 Min:  1162 Max: 50946 Err:     0 (0.00%) Active: 100 Started: 100 Finished: 0
2023-12-29 19:24:30,356 INFO o.a.j.r.Summariser: summary =    270 in 00:01:46 =    2.5/s Avg: 18508 Min:   153 Max: 50946 Err:     1 (0.37%)
2023-12-29 19:25:00,105 INFO o.a.j.r.Summariser: summary +    134 in 00:00:30 =    4.5/s Avg: 23186 Min:   147 Max: 55048 Err:     1 (0.75%) Active: 100 Started: 100 Finished: 0
2023-12-29 19:25:00,106 INFO o.a.j.r.Summariser: summary =    404 in 00:02:16 =    3.0/s Avg: 20059 Min:   147 Max: 55048 Err:     2 (0.50%)
2023-12-29 19:25:30,127 INFO o.a.j.r.Summariser: summary +    165 in 00:00:30 =    5.5/s Avg: 18587 Min:  1070 Max: 52715 Err:     0 (0.00%) Active: 100 Started: 100 Finished: 0
2023-12-29 19:25:30,128 INFO o.a.j.r.Summariser: summary =    569 in 00:02:46 =    3.4/s Avg: 19632 Min:   147 Max: 55048 Err:     2 (0.35%)
2023-12-29 19:26:00,348 INFO o.a.j.r.Summariser: summary +    152 in 00:00:30 =    5.0/s Avg: 19448 Min:  1013 Max: 51124 Err:     0 (0.00%) Active: 100 Started: 100 Finished: 0
2023-12-29 19:26:00,349 INFO o.a.j.r.Summariser: summary =    721 in 00:03:16 =    3.7/s Avg: 19593 Min:   147 Max: 55048 Err:     2 (0.28%)
2023-12-29 19:26:30,144 INFO o.a.j.r.Summariser: summary +    166 in 00:00:30 =    5.6/s Avg: 17961 Min:  1075 Max: 51307 Err:     0 (0.00%) Active: 100 Started: 100 Finished: 0
2023-12-29 19:26:30,145 INFO o.a.j.r.Summariser: summary =    887 in 00:03:46 =    3.9/s Avg: 19288 Min:   147 Max: 55048 Err:     2 (0.23%)
2023-12-29 19:27:00,125 INFO o.a.j.r.Summariser: summary +    162 in 00:00:30 =    5.4/s Avg: 19752 Min:  1000 Max: 51978 Err:     0 (0.00%) Active: 100 Started: 100 Finished: 0
2023-12-29 19:27:00,127 INFO o.a.j.r.Summariser: summary =   1049 in 00:04:16 =    4.1/s Avg: 19360 Min:   147 Max: 55048 Err:     2 (0.19%)
2023-12-29 19:27:30,300 INFO o.a.j.r.Summariser: summary +    175 in 00:00:30 =    5.8/s Avg: 19192 Min:  1053 Max: 51974 Err:     0 (0.00%) Active: 100 Started: 100 Finished: 0
2023-12-29 19:27:30,301 INFO o.a.j.r.Summariser: summary =   1224 in 00:04:46 =    4.3/s Avg: 19336 Min:   147 Max: 55048 Err:     2 (0.16%)
2023-12-29 19:27:43,739 INFO o.a.j.t.JMeterThread: Thread finished: Thread Group 1-10
2023-12-29 19:27:43,831 INFO o.a.j.t.JMeterThread: Thread finished: Thread Group 1-62
2023-12-29 19:27:43,993 INFO o.a.j.t.JMeterThread: Stopping because end time detected by thread: Thread Group 1-87
2023-12-29 19:27:43,993 INFO o.a.j.t.JMeterThread: Thread finished: Thread Group 1-87
2023-12-29 19:27:44,352 INFO o.a.j.t.JMeterThread: Stopping because end time detected by thread: Thread Group 1-32
2023-12-29 19:27:44,352 INFO o.a.j.t.JMeterThread: Thread finished: Thread Group 1-32
2023-12-29 19:27:44,482 INFO o.a.j.t.JMeterThread: Stopping because end time detected by thread: Thread Group 1-94
2023-12-29 19:27:44,482 INFO o.a.j.t.JMeterThread: Thread finished: Thread Group 1-94
2023-12-29 19:27:44,876 INFO o.a.j.t.JMeterThread: Stopping because end time detected by thread: Thread Group 1-9
2023-12-29 19:27:44,877 INFO o.a.j.t.JMeterThread: Thread finished: Thread Group 1-9
2023-12-29 19:27:44,892 INFO o.a.j.t.JMeterThread: Stopping because end time detected by thread: Thread Group 1-44
2023-12-29 19:27:44,892 INFO o.a.j.t.JMeterThread: Thread finished: Thread Group 1-44
2023-12-29 19:27:45,015 INFO o.a.j.t.JMeterThread: Stopping because end time detected by thread: Thread Group 1-61
2023-12-29 19:27:45,016 INFO o.a.j.t.JMeterThread: Thread finished: Thread Group 1-61
2023-12-29 19:27:45,366 INFO o.a.j.t.JMeterThread: Stopping because end time detected by thread: Thread Group 1-97
2023-12-29 19:27:45,367 INFO o.a.j.t.JMeterThread: Thread finished: Thread Group 1-97
2023-12-29 19:27:45,536 INFO o.a.j.t.JMeterThread: Stopping because end time detected by thread: Thread Group 1-83
2023-12-29 19:27:45,536 INFO o.a.j.t.JMeterThread: Thread finished: Thread Group 1-83
2023-12-29 19:27:45,896 INFO o.a.j.t.JMeterThread: Stopping because end time detected by thread: Thread Group 1-77
2023-12-29 19:27:45,897 INFO o.a.j.t.JMeterThread: Thread finished: Thread Group 1-77
2023-12-29 19:27:46,051 INFO o.a.j.t.JMeterThread: Stopping because end time detected by thread: Thread Group 1-52
2023-12-29 19:27:46,051 INFO o.a.j.t.JMeterThread: Thread finished: Thread Group 1-52
2023-12-29 19:27:46,422 INFO o.a.j.t.JMeterThread: Stopping because end time detected by thread: Thread Group 1-55
2023-12-29 19:27:46,423 INFO o.a.j.t.JMeterThread: Thread finished: Thread Group 1-55
2023-12-29 19:27:46,554 INFO o.a.j.t.JMeterThread: Stopping because end time detected by thread: Thread Group 1-88
2023-12-29 19:27:46,554 INFO o.a.j.t.JMeterThread: Thread finished: Thread Group 1-88
2023-12-29 19:27:46,948 INFO o.a.j.t.JMeterThread: Stopping because end time detected by thread: Thread Group 1-24
2023-12-29 19:27:46,948 INFO o.a.j.t.JMeterThread: Thread finished: Thread Group 1-24
2023-12-29 19:27:47,086 INFO o.a.j.t.JMeterThread: Stopping because end time detected by thread: Thread Group 1-90
2023-12-29 19:27:47,087 INFO o.a.j.t.JMeterThread: Thread finished: Thread Group 1-90
2023-12-29 19:27:47,467 INFO o.a.j.t.JMeterThread: Stopping because end time detected by thread: Thread Group 1-81
2023-12-29 19:27:47,468 INFO o.a.j.t.JMeterThread: Thread finished: Thread Group 1-81
2023-12-29 19:27:47,616 INFO o.a.j.t.JMeterThread: Stopping because end time detected by thread: Thread Group 1-36
2023-12-29 19:27:47,616 INFO o.a.j.t.JMeterThread: Thread finished: Thread Group 1-36
2023-12-29 19:27:47,968 INFO o.a.j.t.JMeterThread: Stopping because end time detected by thread: Thread Group 1-91
2023-12-29 19:27:47,968 INFO o.a.j.t.JMeterThread: Thread finished: Thread Group 1-91
2023-12-29 19:27:48,129 INFO o.a.j.t.JMeterThread: Stopping because end time detected by thread: Thread Group 1-93
2023-12-29 19:27:48,129 INFO o.a.j.t.JMeterThread: Thread finished: Thread Group 1-93
2023-12-29 19:27:48,456 INFO o.a.j.t.JMeterThread: Stopping because end time detected by thread: Thread Group 1-60
2023-12-29 19:27:48,456 INFO o.a.j.t.JMeterThread: Thread finished: Thread Group 1-60
2023-12-29 19:27:48,681 INFO o.a.j.t.JMeterThread: Stopping because end time detected by thread: Thread Group 1-1
2023-12-29 19:27:48,681 INFO o.a.j.t.JMeterThread: Thread finished: Thread Group 1-1
2023-12-29 19:27:48,942 INFO o.a.j.t.JMeterThread: Stopping because end time detected by thread: Thread Group 1-72
2023-12-29 19:27:48,942 INFO o.a.j.t.JMeterThread: Thread finished: Thread Group 1-72
2023-12-29 19:27:49,310 INFO o.a.j.t.JMeterThread: Stopping because end time detected by thread: Thread Group 1-84
2023-12-29 19:27:49,310 INFO o.a.j.t.JMeterThread: Thread finished: Thread Group 1-84
2023-12-29 19:27:49,416 INFO o.a.j.t.JMeterThread: Stopping because end time detected by thread: Thread Group 1-29
2023-12-29 19:27:49,416 INFO o.a.j.t.JMeterThread: Thread finished: Thread Group 1-29
2023-12-29 19:27:49,660 INFO o.a.j.t.JMeterThread: Stopping because end time detected by thread: Thread Group 1-14
2023-12-29 19:27:49,660 INFO o.a.j.t.JMeterThread: Thread finished: Thread Group 1-14
2023-12-29 19:27:49,932 INFO o.a.j.t.JMeterThread: Stopping because end time detected by thread: Thread Group 1-17
2023-12-29 19:27:49,932 INFO o.a.j.t.JMeterThread: Thread finished: Thread Group 1-17
2023-12-29 19:27:50,144 INFO o.a.j.t.JMeterThread: Stopping because end time detected by thread: Thread Group 1-51
2023-12-29 19:27:50,144 INFO o.a.j.t.JMeterThread: Thread finished: Thread Group 1-51
2023-12-29 19:27:50,403 INFO o.a.j.t.JMeterThread: Stopping because end time detected by thread: Thread Group 1-47
2023-12-29 19:27:50,403 INFO o.a.j.t.JMeterThread: Thread finished: Thread Group 1-47
2023-12-29 19:27:50,605 INFO o.a.j.t.JMeterThread: Stopping because end time detected by thread: Thread Group 1-99
2023-12-29 19:27:50,605 INFO o.a.j.t.JMeterThread: Thread finished: Thread Group 1-99
2023-12-29 19:27:50,976 INFO o.a.j.t.JMeterThread: Stopping because end time detected by thread: Thread Group 1-56
2023-12-29 19:27:50,977 INFO o.a.j.t.JMeterThread: Thread finished: Thread Group 1-56
2023-12-29 19:27:51,129 INFO o.a.j.t.JMeterThread: Stopping because end time detected by thread: Thread Group 1-22
2023-12-29 19:27:51,129 INFO o.a.j.t.JMeterThread: Thread finished: Thread Group 1-22
2023-12-29 19:27:51,511 INFO o.a.j.t.JMeterThread: Stopping because end time detected by thread: Thread Group 1-3
2023-12-29 19:27:51,512 INFO o.a.j.t.JMeterThread: Thread finished: Thread Group 1-3
2023-12-29 19:27:51,670 INFO o.a.j.t.JMeterThread: Stopping because end time detected by thread: Thread Group 1-96
2023-12-29 19:27:51,670 INFO o.a.j.t.JMeterThread: Thread finished: Thread Group 1-96
2023-12-29 19:27:52,000 INFO o.a.j.t.JMeterThread: Stopping because end time detected by thread: Thread Group 1-23
2023-12-29 19:27:52,000 INFO o.a.j.t.JMeterThread: Thread finished: Thread Group 1-23
2023-12-29 19:27:52,230 INFO o.a.j.t.JMeterThread: Stopping because end time detected by thread: Thread Group 1-92
2023-12-29 19:27:52,230 INFO o.a.j.t.JMeterThread: Thread finished: Thread Group 1-92
2023-12-29 19:27:52,531 INFO o.a.j.t.JMeterThread: Stopping because end time detected by thread: Thread Group 1-25
2023-12-29 19:27:52,531 INFO o.a.j.t.JMeterThread: Thread finished: Thread Group 1-25
2023-12-29 19:27:52,702 INFO o.a.j.t.JMeterThread: Stopping because end time detected by thread: Thread Group 1-27
2023-12-29 19:27:52,702 INFO o.a.j.t.JMeterThread: Thread finished: Thread Group 1-27
2023-12-29 19:27:53,005 INFO o.a.j.t.JMeterThread: Stopping because end time detected by thread: Thread Group 1-80
2023-12-29 19:27:53,006 INFO o.a.j.t.JMeterThread: Thread finished: Thread Group 1-80
2023-12-29 19:27:53,174 INFO o.a.j.t.JMeterThread: Stopping because end time detected by thread: Thread Group 1-46
2023-12-29 19:27:53,174 INFO o.a.j.t.JMeterThread: Thread finished: Thread Group 1-46
2023-12-29 19:27:53,497 INFO o.a.j.t.JMeterThread: Stopping because end time detected by thread: Thread Group 1-35
2023-12-29 19:27:53,497 INFO o.a.j.t.JMeterThread: Thread finished: Thread Group 1-35
2023-12-29 19:27:53,674 INFO o.a.j.t.JMeterThread: Stopping because end time detected by thread: Thread Group 1-30
2023-12-29 19:27:53,675 INFO o.a.j.t.JMeterThread: Thread finished: Thread Group 1-30
2023-12-29 19:27:54,000 INFO o.a.j.t.JMeterThread: Stopping because end time detected by thread: Thread Group 1-33
2023-12-29 19:27:54,000 INFO o.a.j.t.JMeterThread: Thread finished: Thread Group 1-33
2023-12-29 19:27:54,178 INFO o.a.j.t.JMeterThread: Stopping because end time detected by thread: Thread Group 1-86
2023-12-29 19:27:54,178 INFO o.a.j.t.JMeterThread: Thread finished: Thread Group 1-86
2023-12-29 19:27:54,493 INFO o.a.j.t.JMeterThread: Stopping because end time detected by thread: Thread Group 1-79
2023-12-29 19:27:54,493 INFO o.a.j.t.JMeterThread: Thread finished: Thread Group 1-79
2023-12-29 19:27:54,655 INFO o.a.j.t.JMeterThread: Stopping because end time detected by thread: Thread Group 1-16
2023-12-29 19:27:54,656 INFO o.a.j.t.JMeterThread: Thread finished: Thread Group 1-16
2023-12-29 19:27:55,139 INFO o.a.j.t.JMeterThread: Stopping because end time detected by thread: Thread Group 1-76
2023-12-29 19:27:55,140 INFO o.a.j.t.JMeterThread: Thread finished: Thread Group 1-76
2023-12-29 19:27:55,613 INFO o.a.j.t.JMeterThread: Stopping because end time detected by thread: Thread Group 1-89
2023-12-29 19:27:55,614 INFO o.a.j.t.JMeterThread: Thread finished: Thread Group 1-89
2023-12-29 19:27:56,105 INFO o.a.j.t.JMeterThread: Stopping because end time detected by thread: Thread Group 1-28
2023-12-29 19:27:56,105 INFO o.a.j.t.JMeterThread: Thread finished: Thread Group 1-28
2023-12-29 19:27:56,606 INFO o.a.j.t.JMeterThread: Stopping because end time detected by thread: Thread Group 1-68
2023-12-29 19:27:56,606 INFO o.a.j.t.JMeterThread: Thread finished: Thread Group 1-68
2023-12-29 19:27:57,115 INFO o.a.j.t.JMeterThread: Stopping because end time detected by thread: Thread Group 1-63
2023-12-29 19:27:57,115 INFO o.a.j.t.JMeterThread: Thread finished: Thread Group 1-63
2023-12-29 19:27:57,571 INFO o.a.j.t.JMeterThread: Stopping because end time detected by thread: Thread Group 1-31
2023-12-29 19:27:57,572 INFO o.a.j.t.JMeterThread: Thread finished: Thread Group 1-31
2023-12-29 19:27:58,084 INFO o.a.j.t.JMeterThread: Stopping because end time detected by thread: Thread Group 1-58
2023-12-29 19:27:58,084 INFO o.a.j.t.JMeterThread: Thread finished: Thread Group 1-58
2023-12-29 19:27:58,559 INFO o.a.j.t.JMeterThread: Stopping because end time detected by thread: Thread Group 1-34
2023-12-29 19:27:58,560 INFO o.a.j.t.JMeterThread: Thread finished: Thread Group 1-34
2023-12-29 19:27:59,054 INFO o.a.j.t.JMeterThread: Stopping because end time detected by thread: Thread Group 1-66
2023-12-29 19:27:59,054 INFO o.a.j.t.JMeterThread: Thread finished: Thread Group 1-66
2023-12-29 19:27:59,547 INFO o.a.j.t.JMeterThread: Stopping because end time detected by thread: Thread Group 1-75
2023-12-29 19:27:59,547 INFO o.a.j.t.JMeterThread: Thread finished: Thread Group 1-75
2023-12-29 19:28:00,052 INFO o.a.j.r.Summariser: summary +    124 in 00:00:30 =    4.2/s Avg: 22856 Min:  1064 Max: 42153 Err:     0 (0.00%) Active: 44 Started: 100 Finished: 56
2023-12-29 19:28:00,053 INFO o.a.j.r.Summariser: summary =   1348 in 00:05:16 =    4.3/s Avg: 19659 Min:   147 Max: 55048 Err:     2 (0.15%)
2023-12-29 19:28:00,053 INFO o.a.j.t.JMeterThread: Stopping because end time detected by thread: Thread Group 1-5
2023-12-29 19:28:00,054 INFO o.a.j.t.JMeterThread: Thread finished: Thread Group 1-5
2023-12-29 19:28:00,492 INFO o.a.j.t.JMeterThread: Stopping because end time detected by thread: Thread Group 1-74
2023-12-29 19:28:00,492 INFO o.a.j.t.JMeterThread: Thread finished: Thread Group 1-74
2023-12-29 19:28:00,989 INFO o.a.j.t.JMeterThread: Stopping because end time detected by thread: Thread Group 1-54
2023-12-29 19:28:00,989 INFO o.a.j.t.JMeterThread: Thread finished: Thread Group 1-54
2023-12-29 19:28:01,494 INFO o.a.j.t.JMeterThread: Stopping because end time detected by thread: Thread Group 1-65
2023-12-29 19:28:01,495 INFO o.a.j.t.JMeterThread: Thread finished: Thread Group 1-65
2023-12-29 19:28:01,980 INFO o.a.j.t.JMeterThread: Stopping because end time detected by thread: Thread Group 1-95
2023-12-29 19:28:01,980 INFO o.a.j.t.JMeterThread: Thread finished: Thread Group 1-95
2023-12-29 19:28:02,436 INFO o.a.j.t.JMeterThread: Stopping because end time detected by thread: Thread Group 1-78
2023-12-29 19:28:02,437 INFO o.a.j.t.JMeterThread: Thread finished: Thread Group 1-78
2023-12-29 19:28:02,927 INFO o.a.j.t.JMeterThread: Stopping because end time detected by thread: Thread Group 1-100
2023-12-29 19:28:02,927 INFO o.a.j.t.JMeterThread: Thread finished: Thread Group 1-100
2023-12-29 19:28:03,387 INFO o.a.j.t.JMeterThread: Stopping because end time detected by thread: Thread Group 1-69
2023-12-29 19:28:03,387 INFO o.a.j.t.JMeterThread: Thread finished: Thread Group 1-69
2023-12-29 19:28:03,860 INFO o.a.j.t.JMeterThread: Stopping because end time detected by thread: Thread Group 1-67
2023-12-29 19:28:03,860 INFO o.a.j.t.JMeterThread: Thread finished: Thread Group 1-67
2023-12-29 19:28:04,318 INFO o.a.j.t.JMeterThread: Stopping because end time detected by thread: Thread Group 1-50
2023-12-29 19:28:04,318 INFO o.a.j.t.JMeterThread: Thread finished: Thread Group 1-50
2023-12-29 19:28:05,044 INFO o.a.j.t.JMeterThread: Stopping because end time detected by thread: Thread Group 1-6
2023-12-29 19:28:05,044 INFO o.a.j.t.JMeterThread: Thread finished: Thread Group 1-6
2023-12-29 19:28:05,503 INFO o.a.j.t.JMeterThread: Stopping because end time detected by thread: Thread Group 1-40
2023-12-29 19:28:05,503 INFO o.a.j.t.JMeterThread: Thread finished: Thread Group 1-40
2023-12-29 19:28:06,001 INFO o.a.j.t.JMeterThread: Stopping because end time detected by thread: Thread Group 1-11
2023-12-29 19:28:06,002 INFO o.a.j.t.JMeterThread: Thread finished: Thread Group 1-11
2023-12-29 19:28:06,424 INFO o.a.j.t.JMeterThread: Stopping because end time detected by thread: Thread Group 1-21
2023-12-29 19:28:06,425 INFO o.a.j.t.JMeterThread: Thread finished: Thread Group 1-21
2023-12-29 19:28:06,956 INFO o.a.j.t.JMeterThread: Stopping because end time detected by thread: Thread Group 1-39
2023-12-29 19:28:06,957 INFO o.a.j.t.JMeterThread: Thread finished: Thread Group 1-39
2023-12-29 19:28:07,437 INFO o.a.j.t.JMeterThread: Stopping because end time detected by thread: Thread Group 1-53
2023-12-29 19:28:07,437 INFO o.a.j.t.JMeterThread: Thread finished: Thread Group 1-53
2023-12-29 19:28:07,917 INFO o.a.j.t.JMeterThread: Stopping because end time detected by thread: Thread Group 1-64
2023-12-29 19:28:07,917 INFO o.a.j.t.JMeterThread: Thread finished: Thread Group 1-64
2023-12-29 19:28:08,391 INFO o.a.j.t.JMeterThread: Stopping because end time detected by thread: Thread Group 1-18
2023-12-29 19:28:08,391 INFO o.a.j.t.JMeterThread: Thread finished: Thread Group 1-18
2023-12-29 19:28:08,921 INFO o.a.j.t.JMeterThread: Stopping because end time detected by thread: Thread Group 1-59
2023-12-29 19:28:08,921 INFO o.a.j.t.JMeterThread: Thread finished: Thread Group 1-59
2023-12-29 19:28:09,342 INFO o.a.j.t.JMeterThread: Stopping because end time detected by thread: Thread Group 1-48
2023-12-29 19:28:09,343 INFO o.a.j.t.JMeterThread: Thread finished: Thread Group 1-48
2023-12-29 19:28:09,839 INFO o.a.j.t.JMeterThread: Stopping because end time detected by thread: Thread Group 1-57
2023-12-29 19:28:09,839 INFO o.a.j.t.JMeterThread: Thread finished: Thread Group 1-57
2023-12-29 19:28:10,321 INFO o.a.j.t.JMeterThread: Stopping because end time detected by thread: Thread Group 1-71
2023-12-29 19:28:10,322 INFO o.a.j.t.JMeterThread: Thread finished: Thread Group 1-71
2023-12-29 19:28:10,774 INFO o.a.j.t.JMeterThread: Stopping because end time detected by thread: Thread Group 1-8
2023-12-29 19:28:10,774 INFO o.a.j.t.JMeterThread: Thread finished: Thread Group 1-8
2023-12-29 19:28:11,259 INFO o.a.j.t.JMeterThread: Stopping because end time detected by thread: Thread Group 1-4
2023-12-29 19:28:11,260 INFO o.a.j.t.JMeterThread: Thread finished: Thread Group 1-4
2023-12-29 19:28:11,816 INFO o.a.j.t.JMeterThread: Stopping because end time detected by thread: Thread Group 1-12
2023-12-29 19:28:11,817 INFO o.a.j.t.JMeterThread: Thread finished: Thread Group 1-12
2023-12-29 19:28:12,354 INFO o.a.j.t.JMeterThread: Stopping because end time detected by thread: Thread Group 1-85
2023-12-29 19:28:12,354 INFO o.a.j.t.JMeterThread: Thread finished: Thread Group 1-85
2023-12-29 19:28:12,823 INFO o.a.j.t.JMeterThread: Stopping because end time detected by thread: Thread Group 1-38
2023-12-29 19:28:12,823 INFO o.a.j.t.JMeterThread: Thread finished: Thread Group 1-38
2023-12-29 19:28:13,340 INFO o.a.j.t.JMeterThread: Stopping because end time detected by thread: Thread Group 1-98
2023-12-29 19:28:13,340 INFO o.a.j.t.JMeterThread: Thread finished: Thread Group 1-98
2023-12-29 19:28:13,811 INFO o.a.j.t.JMeterThread: Stopping because end time detected by thread: Thread Group 1-2
2023-12-29 19:28:13,812 INFO o.a.j.t.JMeterThread: Thread finished: Thread Group 1-2
2023-12-29 19:28:14,280 INFO o.a.j.t.JMeterThread: Stopping because end time detected by thread: Thread Group 1-41
2023-12-29 19:28:14,280 INFO o.a.j.t.JMeterThread: Thread finished: Thread Group 1-41
2023-12-29 19:28:14,728 INFO o.a.j.t.JMeterThread: Stopping because end time detected by thread: Thread Group 1-73
2023-12-29 19:28:14,729 INFO o.a.j.t.JMeterThread: Thread finished: Thread Group 1-73
2023-12-29 19:28:15,250 INFO o.a.j.t.JMeterThread: Stopping because end time detected by thread: Thread Group 1-26
2023-12-29 19:28:15,250 INFO o.a.j.t.JMeterThread: Thread finished: Thread Group 1-26
2023-12-29 19:28:15,683 INFO o.a.j.t.JMeterThread: Stopping because end time detected by thread: Thread Group 1-37
2023-12-29 19:28:15,684 INFO o.a.j.t.JMeterThread: Thread finished: Thread Group 1-37
2023-12-29 19:28:16,180 INFO o.a.j.t.JMeterThread: Stopping because end time detected by thread: Thread Group 1-19
2023-12-29 19:28:16,180 INFO o.a.j.t.JMeterThread: Thread finished: Thread Group 1-19
2023-12-29 19:28:16,650 INFO o.a.j.t.JMeterThread: Stopping because end time detected by thread: Thread Group 1-70
2023-12-29 19:28:16,650 INFO o.a.j.t.JMeterThread: Thread finished: Thread Group 1-70
2023-12-29 19:28:17,170 INFO o.a.j.t.JMeterThread: Stopping because end time detected by thread: Thread Group 1-42
2023-12-29 19:28:17,170 INFO o.a.j.t.JMeterThread: Thread finished: Thread Group 1-42
2023-12-29 19:28:17,660 INFO o.a.j.t.JMeterThread: Stopping because end time detected by thread: Thread Group 1-20
2023-12-29 19:28:17,660 INFO o.a.j.t.JMeterThread: Thread finished: Thread Group 1-20
2023-12-29 19:28:18,133 INFO o.a.j.t.JMeterThread: Stopping because end time detected by thread: Thread Group 1-43
2023-12-29 19:28:18,133 INFO o.a.j.t.JMeterThread: Thread finished: Thread Group 1-43
2023-12-29 19:28:18,572 INFO o.a.j.t.JMeterThread: Stopping because end time detected by thread: Thread Group 1-45
2023-12-29 19:28:18,572 INFO o.a.j.t.JMeterThread: Thread finished: Thread Group 1-45
2023-12-29 19:28:19,074 INFO o.a.j.t.JMeterThread: Stopping because end time detected by thread: Thread Group 1-82
2023-12-29 19:28:19,074 INFO o.a.j.t.JMeterThread: Thread finished: Thread Group 1-82
2023-12-29 19:28:19,556 INFO o.a.j.t.JMeterThread: Stopping because end time detected by thread: Thread Group 1-15
2023-12-29 19:28:19,556 INFO o.a.j.t.JMeterThread: Thread finished: Thread Group 1-15
2023-12-29 19:28:20,081 INFO o.a.j.t.JMeterThread: Stopping because end time detected by thread: Thread Group 1-49
2023-12-29 19:28:20,081 INFO o.a.j.t.JMeterThread: Thread finished: Thread Group 1-49
2023-12-29 19:28:20,538 INFO o.a.j.t.JMeterThread: Stopping because end time detected by thread: Thread Group 1-13
2023-12-29 19:28:20,539 INFO o.a.j.t.JMeterThread: Thread finished: Thread Group 1-13
2023-12-29 19:28:21,064 INFO o.a.j.t.JMeterThread: Stopping because end time detected by thread: Thread Group 1-7
2023-12-29 19:28:21,065 INFO o.a.j.t.JMeterThread: Thread finished: Thread Group 1-7
2023-12-29 19:28:21,065 INFO o.a.j.e.StandardJMeterEngine: Notifying test listeners of end of test
2023-12-29 19:28:21,066 INFO o.a.j.r.Summariser: summary +     43 in 00:00:21 =    2.0/s Avg: 37389 Min: 36500 Max: 39572 Err:     0 (0.00%) Active: 0 Started: 100 Finished: 100
2023-12-29 19:28:21,067 INFO o.a.j.r.Summariser: summary =   1391 in 00:05:37 =    4.1/s Avg: 20208 Min:   147 Max: 55048 Err:     2 (0.14%)
